<?xml version="1.0" encoding="UTF-8"?>
<!-- Generated by org.testng.reporters.JUnitXMLReporter -->
<testsuite ignored="0" hostname="Анна-HP" failures="0" tests="4" name="Surefire test" time="0.126" errors="0" timestamp="2023-05-06T00:16:17 SAMT">
  <testcase classname="org.emample.AppTest" name="testSum" time="0.016"/>
  <testcase classname="org.emample.AppTest" name="testSum" time="0.001"/>
  <testcase classname="org.emample.AppTest" name="testSum" time="0.002"/>
  <testcase classname="org.emample.AppTest" name="testSum" time="0.001"/>
</testsuite> <!-- Surefire test -->
