<?xml version="1.0" encoding="UTF-8"?>
<testng-results ignored="0" total="4" passed="4" failed="0" skipped="0">
  <reporter-output>
  </reporter-output>
  <suite started-at="2023-05-06T00:16:16 SAMT" name="Surefire suite" finished-at="2023-05-06T00:16:16 SAMT" duration-ms="126">
    <groups>
    </groups>
    <test started-at="2023-05-06T00:16:16 SAMT" name="Surefire test" finished-at="2023-05-06T00:16:16 SAMT" duration-ms="126">
      <class name="org.emample.AppTest">
        <test-method signature="testSum(int, int)[pri:0, instance:org.emample.AppTest@8646db9]" started-at="2023-05-06T00:16:16 SAMT" name="testSum" data-provider="squareDataProvider" finished-at="2023-05-06T00:16:16 SAMT" duration-ms="16" status="PASS">
          <params>
            <param index="0">
              <value>
                <![CDATA[2]]>
              </value>
            </param>
            <param index="1">
              <value>
                <![CDATA[4]]>
              </value>
            </param>
          </params>
          <reporter-output>
          </reporter-output>
        </test-method> <!-- testSum -->
        <test-method signature="testSum(int, int)[pri:0, instance:org.emample.AppTest@8646db9]" started-at="2023-05-06T00:16:16 SAMT" name="testSum" data-provider="squareDataProvider" finished-at="2023-05-06T00:16:16 SAMT" duration-ms="1" status="PASS">
          <params>
            <param index="0">
              <value>
                <![CDATA[1]]>
              </value>
            </param>
            <param index="1">
              <value>
                <![CDATA[1]]>
              </value>
            </param>
          </params>
          <reporter-output>
          </reporter-output>
        </test-method> <!-- testSum -->
        <test-method signature="testSum(int, int)[pri:0, instance:org.emample.AppTest@8646db9]" started-at="2023-05-06T00:16:16 SAMT" name="testSum" data-provider="squareDataProvider" finished-at="2023-05-06T00:16:16 SAMT" duration-ms="2" status="PASS">
          <params>
            <param index="0">
              <value>
                <![CDATA[-1]]>
              </value>
            </param>
            <param index="1">
              <value>
                <![CDATA[1]]>
              </value>
            </param>
          </params>
          <reporter-output>
          </reporter-output>
        </test-method> <!-- testSum -->
        <test-method signature="testSum(int, int)[pri:0, instance:org.emample.AppTest@8646db9]" started-at="2023-05-06T00:16:16 SAMT" name="testSum" data-provider="squareDataProvider" finished-at="2023-05-06T00:16:16 SAMT" duration-ms="1" status="PASS">
          <params>
            <param index="0">
              <value>
                <![CDATA[0]]>
              </value>
            </param>
            <param index="1">
              <value>
                <![CDATA[0]]>
              </value>
            </param>
          </params>
          <reporter-output>
          </reporter-output>
        </test-method> <!-- testSum -->
      </class> <!-- org.emample.AppTest -->
    </test> <!-- Surefire test -->
  </suite> <!-- Surefire suite -->
</testng-results>
